\BOOKMARK [1][-]{section.1}{\376\377\137\025\212\000}{}% 1
\BOOKMARK [1][-]{section.2}{\376\377\145\207\163\056\176\374\217\360\124\214\164\006\213\272\147\072\122\066}{}% 2
\BOOKMARK [2][-]{subsection.2.1}{\376\377\117\001\116\032\171\076\117\032\215\043\116\373}{section.2}% 3
\BOOKMARK [2][-]{subsection.2.2}{\376\377\207\215\215\104\176\246\147\137}{section.2}% 4
\BOOKMARK [2][-]{subsection.2.3}{\376\377\170\024\172\166\120\107\213\276\116\016\164\006\213\272\147\072\122\066}{section.2}% 5
\BOOKMARK [1][-]{section.3}{\376\377\152\041\127\213\136\372\172\313\060\001\143\007\150\007\220\011\123\326\116\345\123\312\145\160\143\156\147\145\156\220}{}% 6
\BOOKMARK [2][-]{subsection.3.1}{\376\377\133\236\213\301\152\041\127\213\136\372\172\313}{section.3}% 7
\BOOKMARK [2][-]{subsection.3.2}{\376\377\123\330\221\317\220\011\123\326\116\016\143\007\150\007\213\364\146\016}{section.3}% 8
\BOOKMARK [3][-]{subsubsection.3.2.1}{\376\377\117\001\116\032\207\215\215\104\176\246\147\137\143\007\150\007}{subsection.3.2}% 9
\BOOKMARK [3][-]{subsubsection.3.2.2}{\376\377\117\001\116\032\171\076\117\032\215\043\116\373\213\304\122\006\143\007\150\007}{subsection.3.2}% 10
\BOOKMARK [3][-]{subsubsection.3.2.3}{\376\377\117\001\116\032\171\076\117\032\215\043\116\373\142\245\124\112\140\305\141\037\213\355\214\003}{subsection.3.2}% 11
\BOOKMARK [3][-]{subsubsection.3.2.4}{\376\377\122\006\147\220\121\163\154\350\136\246}{subsection.3.2}% 12
\BOOKMARK [3][-]{subsubsection.3.2.5}{\376\377\121\166\116\326\143\247\122\066\123\330\221\317}{subsection.3.2}% 13
\BOOKMARK [2][-]{subsection.3.3}{\376\377\145\160\143\156\147\145\156\220}{section.3}% 14
\BOOKMARK [2][-]{subsection.3.4}{\376\377\143\317\217\360\140\047\176\337\213\241}{section.3}% 15
\BOOKMARK [1][-]{section.4}{\376\377\133\236\213\301\176\323\147\234\116\016\122\006\147\220}{}% 16
\BOOKMARK [2][-]{subsection.4.1}{\376\377\127\372\121\306\126\336\137\122\122\006\147\220\176\323\147\234}{section.4}% 17
\BOOKMARK [2][-]{subsection.4.2}{\376\377\172\063\120\145\140\047\150\300\232\214}{section.4}% 18
\BOOKMARK [3][-]{subsubsection.4.2.1}{\376\377\146\377\143\142\207\215\215\104\176\246\147\137\123\330\221\317}{subsection.4.2}% 19
\BOOKMARK [3][-]{subsubsection.4.2.2}{\376\377\146\377\143\142\117\001\116\032\171\076\117\032\215\043\116\373\123\330\221\317}{subsection.4.2}% 20
\BOOKMARK [3][-]{subsubsection.4.2.3}{\376\377\121\205\165\037\140\047\225\356\230\230}{subsection.4.2}% 21
\BOOKMARK [2][-]{subsection.4.3}{\376\377\137\002\215\050\140\047\122\006\147\220}{section.4}% 22
\BOOKMARK [3][-]{subsubsection.4.3.1}{\376\377\127\372\116\216\210\114\116\032\166\204\137\002\215\050\140\047\122\006\147\220}{subsection.4.3}% 23
\BOOKMARK [3][-]{subsubsection.4.3.2}{\376\377\127\372\116\216\117\001\116\032\165\037\124\175\124\150\147\037\166\204\137\002\215\050\140\047\122\006\147\220}{subsection.4.3}% 24
\BOOKMARK [2][-]{subsection.4.4}{\376\377\217\333\116\000\153\145\122\006\147\220}{section.4}% 25
\BOOKMARK [1][-]{section.5}{\376\377\176\323\213\272\116\016\136\372\213\256}{}% 26
\BOOKMARK [2][-]{subsection.5.1}{\376\377\133\371\116\216\117\001\116\032}{section.5}% 27
\BOOKMARK [2][-]{subsection.5.2}{\376\377\133\371\116\216\145\077\136\234}{section.5}% 28
